<?xml version="1.0" encoding="UTF-8"?>
<testsuite name="com.revature.revastudio.RevastudioApplicationTests" tests="1" skipped="0" failures="0" errors="0" timestamp="2026-03-02T16:06:41.523Z" hostname="Mac.lan" time="0.254">
  <properties/>
  <testcase name="contextLoads()" classname="com.revature.revastudio.RevastudioApplicationTests" time="0.254"/>
  <system-out><![CDATA[11:06:38.075 [Test worker] INFO org.springframework.test.context.support.AnnotationConfigContextLoaderUtils -- Could not detect default configuration classes for test class [com.revature.revastudio.RevastudioApplicationTests]: RevastudioApplicationTests does not declare any static, non-private, non-final, nested classes annotated with @Configuration.
11:06:38.121 [Test worker] INFO org.springframework.boot.test.context.SpringBootTestContextBootstrapper -- Found @SpringBootConfiguration com.revature.revastudio.RevastudioApplication for test class com.revature.revastudio.RevastudioApplicationTests

  .   ____          _            __ _ _
 /\\ / ___'_ __ _ _(_)_ __  __ _ \ \ \ \
( ( )\___ | '_ | '_| | '_ \/ _` | \ \ \ \
 \\/  ___)| |_)| | | | | || (_| |  ) ) ) )
  '  |____| .__|_| |_|_| |_\__, | / / / /
 =========|_|==============|___/=/_/_/_/

 :: Spring Boot ::                (v4.0.2)

2026-03-02T11:06:38.286-05:00  INFO 80336 --- [revastudio] [    Test worker] c.r.r.RevastudioApplicationTests         : Starting RevastudioApplicationTests using Java 21.0.9 with PID 80336 (started by mike in /Users/mike/Desktop/Software Engineer Projects/Revastudio/RevaStudio/server)
2026-03-02T11:06:38.287-05:00  INFO 80336 --- [revastudio] [    Test worker] c.r.r.RevastudioApplicationTests         : The following 1 profile is active: "rds"
2026-03-02T11:06:38.592-05:00  INFO 80336 --- [revastudio] [    Test worker] .s.d.r.c.RepositoryConfigurationDelegate : Bootstrapping Spring Data JPA repositories in DEFAULT mode.
2026-03-02T11:06:38.626-05:00  INFO 80336 --- [revastudio] [    Test worker] .s.d.r.c.RepositoryConfigurationDelegate : Finished Spring Data repository scanning in 30 ms. Found 10 JPA repository interfaces.
2026-03-02T11:06:38.828-05:00  INFO 80336 --- [revastudio] [    Test worker] org.hibernate.orm.jpa                    : HHH008540: Processing PersistenceUnitInfo [name: default]
2026-03-02T11:06:38.848-05:00  INFO 80336 --- [revastudio] [    Test worker] org.hibernate.orm.core                   : HHH000001: Hibernate ORM core version 7.2.1.Final
2026-03-02T11:06:39.016-05:00  INFO 80336 --- [revastudio] [    Test worker] o.s.o.j.p.SpringPersistenceUnitInfo      : No LoadTimeWeaver setup: ignoring JPA class transformer
2026-03-02T11:06:39.030-05:00  INFO 80336 --- [revastudio] [    Test worker] com.zaxxer.hikari.HikariDataSource       : HikariPool-1 - Starting...
2026-03-02T11:06:39.742-05:00  INFO 80336 --- [revastudio] [    Test worker] com.zaxxer.hikari.pool.HikariPool        : HikariPool-1 - Added connection org.postgresql.jdbc.PgConnection@63551c66
2026-03-02T11:06:39.743-05:00  INFO 80336 --- [revastudio] [    Test worker] com.zaxxer.hikari.HikariDataSource       : HikariPool-1 - Start completed.
2026-03-02T11:06:39.801-05:00  WARN 80336 --- [revastudio] [    Test worker] org.hibernate.orm.deprecation            : HHH90000025: PostgreSQLDialect does not need to be specified explicitly using 'hibernate.dialect' (remove the property setting and it will be selected by default)
2026-03-02T11:06:39.983-05:00  INFO 80336 --- [revastudio] [    Test worker] org.hibernate.orm.connections.pooling    : HHH10001005: Database info:
	Database JDBC URL [jdbc:postgresql://revastudio-db.cfwi4y0qg2wj.us-east-2.rds.amazonaws.com:5432/chinook]
	Database driver: PostgreSQL JDBC Driver
	Database dialect: PostgreSQLDialect
	Database version: 17.6
	Default catalog/schema: chinook/public
	Autocommit mode: undefined/unknown
	Isolation level: READ_COMMITTED [default READ_COMMITTED]
	JDBC fetch size: none
	Pool: DataSourceConnectionProvider
	Minimum pool size: undefined/unknown
	Maximum pool size: undefined/unknown
2026-03-02T11:06:40.475-05:00  INFO 80336 --- [revastudio] [    Test worker] org.hibernate.orm.core                   : HHH000489: No JTA platform available (set 'hibernate.transaction.jta.platform' to enable JTA platform integration)
2026-03-02T11:06:40.679-05:00  INFO 80336 --- [revastudio] [    Test worker] j.LocalContainerEntityManagerFactoryBean : Initialized JPA EntityManagerFactory for persistence unit 'default'
2026-03-02T11:06:40.725-05:00  INFO 80336 --- [revastudio] [    Test worker] o.s.d.j.r.query.QueryEnhancerFactories   : Hibernate is in classpath; If applicable, HQL parser will be used.
2026-03-02T11:06:41.201-05:00  WARN 80336 --- [revastudio] [    Test worker] JpaBaseConfiguration$JpaWebConfiguration : spring.jpa.open-in-view is enabled by default. Therefore, database queries may be performed during view rendering. Explicitly configure spring.jpa.open-in-view to disable this warning
2026-03-02T11:06:41.257-05:00  WARN 80336 --- [revastudio] [    Test worker] .s.a.UserDetailsServiceAutoConfiguration : 

Using generated security password: 9586b2e1-b561-44f6-8cd0-78bb6520d1f3

This generated password is for development use only. Your security configuration must be updated before running your application in production.

2026-03-02T11:06:41.261-05:00  INFO 80336 --- [revastudio] [    Test worker] r$InitializeUserDetailsManagerConfigurer : Global AuthenticationManager configured with UserDetailsService bean with name inMemoryUserDetailsManager
2026-03-02T11:06:41.517-05:00  INFO 80336 --- [revastudio] [    Test worker] c.r.r.RevastudioApplicationTests         : Started RevastudioApplicationTests in 3.341 seconds (process running for 3.839)
]]></system-out>
  <system-err><![CDATA[Mockito is currently self-attaching to enable the inline-mock-maker. This will no longer work in future releases of the JDK. Please add Mockito as an agent to your build as described in Mockito's documentation: https://javadoc.io/doc/org.mockito/mockito-core/latest/org.mockito/org/mockito/Mockito.html#0.3
WARNING: A Java agent has been loaded dynamically (/Users/mike/.gradle/caches/modules-2/files-2.1/net.bytebuddy/byte-buddy-agent/1.17.8/f09415827a71be7ed621c7bd02550678f28bc81c/byte-buddy-agent-1.17.8.jar)
WARNING: If a serviceability tool is in use, please run with -XX:+EnableDynamicAgentLoading to hide this warning
WARNING: If a serviceability tool is not in use, please run with -Djdk.instrument.traceUsage for more information
WARNING: Dynamic loading of agents will be disallowed by default in a future release
]]></system-err>
</testsuite>
